BR2 violation - Overlapping flights for XY-AIX: Flight at 2024-12-30 13:40:30 removed. Overlaps with flight at 2023-01-01 17:05:51
BR2 violation - Overlapping flights for XY-AJE: Flight at 2024-12-04 14:26:08 removed. Overlaps with flight at 2023-01-02 14:29:31
BR2 violation - Overlapping flights for XY-ALM: Flight at 2024-11-27 13:20:44 removed. Overlaps with flight at 2023-01-01 03:00:45
BR2 violation - Overlapping flights for XY-ANY: Flight at 2024-12-27 17:21:30 removed. Overlaps with flight at 2023-01-09 11:42:43
BR2 violation - Overlapping flights for XY-ARC: Flight at 2024-12-25 06:47:10 removed. Overlaps with flight at 2023-01-11 00:52:36
BR2 violation - Overlapping flights for XY-ATP: Flight at 2024-11-17 00:56:39 removed. Overlaps with flight at 2023-01-01 15:43:06
BR2 violation - Overlapping flights for XY-AYX: Flight at 2024-11-10 20:06:12 removed. Overlaps with flight at 2023-01-02 05:15:35
BR2 violation - Overlapping flights for XY-BBK: Flight at 2024-11-11 05:46:52 removed. Overlaps with flight at 2023-01-03 03:53:09
BR2 violation - Overlapping flights for XY-BBO: Flight at 2024-10-07 00:56:26 removed. Overlaps with flight at 2023-01-10 16:27:17
BR2 violation - Overlapping flights for XY-BFI: Flight at 2024-09-25 17:28:39 removed. Overlaps with flight at 2023-01-02 02:45:32
BR2 violation - Overlapping flights for XY-BHJ: Flight at 2024-07-23 01:52:54 removed. Overlaps with flight at 2023-01-02 14:08:12
BR2 violation - Overlapping flights for XY-BIX: Flight at 2024-12-30 10:20:11 removed. Overlaps with flight at 2023-01-01 03:17:38
BR2 violation - Overlapping flights for XY-BJN: Flight at 2024-12-30 14:13:08 removed. Overlaps with flight at 2023-01-01 06:26:49
BR2 violation - Overlapping flights for XY-BUT: Flight at 2024-12-09 10:33:18 removed. Overlaps with flight at 2023-01-02 07:31:40
BR2 violation - Overlapping flights for XY-BVF: Flight at 2024-11-07 13:10:29 removed. Overlaps with flight at 2023-01-01 01:53:14
BR2 violation - Overlapping flights for XY-BVG: Flight at 2024-11-02 20:08:54 removed. Overlaps with flight at 2023-01-02 00:34:01
BR2 violation - Overlapping flights for XY-BVI: Flight at 2024-12-26 23:17:30 removed. Overlaps with flight at 2023-01-01 03:07:31
BR2 violation - Overlapping flights for XY-CIK: Flight at 2024-11-11 02:24:49 removed. Overlaps with flight at 2023-02-24 10:20:12
BR2 violation - Overlapping flights for XY-CLO: Flight at 2024-12-25 23:14:06 removed. Overlaps with flight at 2023-01-01 09:14:13
BR2 violation - Overlapping flights for XY-CQR: Flight at 2024-12-16 04:53:24 removed. Overlaps with flight at 2023-01-01 04:10:59
BR2 violation - Overlapping flights for XY-CRI: Flight at 2024-12-06 12:10:05 removed. Overlaps with flight at 2023-01-01 09:42:43
BR2 violation - Overlapping flights for XY-CRI: Flight at 2023-12-21 03:24:18 removed. Overlaps with flight at 2023-12-21 04:23:53
BR2 violation - Overlapping flights for XY-CUC: Flight at 2024-12-30 09:03:03 removed. Overlaps with flight at 2023-02-01 18:39:52
BR2 violation - Overlapping flights for XY-CYJ: Flight at 2024-11-25 10:05:19 removed. Overlaps with flight at 2023-01-02 03:49:12
BR2 violation - Overlapping flights for XY-DDI: Flight at 2024-12-20 12:55:02 removed. Overlaps with flight at 2023-01-01 10:39:44
BR2 violation - Overlapping flights for XY-DEO: Flight at 2024-11-21 01:06:31 removed. Overlaps with flight at 2023-01-01 01:09:08
BR2 violation - Overlapping flights for XY-DFK: Flight at 2024-12-07 16:55:35 removed. Overlaps with flight at 2023-01-01 00:16:48
BR2 violation - Overlapping flights for XY-DIB: Flight at 2024-12-23 09:45:31 removed. Overlaps with flight at 2023-01-11 01:18:11
BR2 violation - Overlapping flights for XY-DIR: Flight at 2024-11-08 06:26:56 removed. Overlaps with flight at 2023-01-01 03:34:32
BR2 violation - Overlapping flights for XY-DJQ: Flight at 2024-12-16 03:19:22 removed. Overlaps with flight at 2023-01-01 15:03:17
BR2 violation - Overlapping flights for XY-DNI: Flight at 2024-12-30 05:14:09 removed. Overlaps with flight at 2023-01-01 03:35:11
BR2 violation - Overlapping flights for XY-DYG: Flight at 2024-12-25 21:33:22 removed. Overlaps with flight at 2023-01-01 00:48:02
BR2 violation - Overlapping flights for XY-DZH: Flight at 2024-12-27 06:52:38 removed. Overlaps with flight at 2023-01-01 06:20:36
BR2 violation - Overlapping flights for XY-ECK: Flight at 2024-11-01 06:41:42 removed. Overlaps with flight at 2023-01-02 00:07:21
BR2 violation - Overlapping flights for XY-EFV: Flight at 2024-12-30 12:22:53 removed. Overlaps with flight at 2023-01-02 08:58:51
BR2 violation - Overlapping flights for XY-EKQ: Flight at 2024-11-03 07:09:43 removed. Overlaps with flight at 2023-01-01 23:43:01
BR2 violation - Overlapping flights for XY-ELU: Flight at 2024-07-23 05:39:11 removed. Overlaps with flight at 2023-01-01 02:42:08
BR2 violation - Overlapping flights for XY-EOE: Flight at 2024-11-29 20:50:14 removed. Overlaps with flight at 2023-01-01 08:20:26
BR2 violation - Overlapping flights for XY-EPF: Flight at 2024-12-30 01:03:26 removed. Overlaps with flight at 2023-01-01 04:19:23
BR2 violation - Overlapping flights for XY-ETA: Flight at 2024-12-17 23:02:10 removed. Overlaps with flight at 2023-01-01 03:27:12
BR2 violation - Overlapping flights for XY-ETF: Flight at 2024-09-30 11:28:27 removed. Overlaps with flight at 2023-01-01 00:06:28
BR2 violation - Overlapping flights for XY-EWA: Flight at 2024-12-31 00:19:00 removed. Overlaps with flight at 2023-01-01 08:19:21
BR2 violation - Overlapping flights for XY-EWP: Flight at 2024-11-22 03:34:55 removed. Overlaps with flight at 2023-01-01 12:34:50
BR2 violation - Overlapping flights for XY-EWW: Flight at 2024-12-29 07:24:04 removed. Overlaps with flight at 2023-01-01 12:34:01
BR2 violation - Overlapping flights for XY-EZA: Flight at 2024-12-30 23:23:20 removed. Overlaps with flight at 2023-01-02 00:20:22
BR2 violation - Overlapping flights for XY-FCZ: Flight at 2024-12-18 11:50:31 removed. Overlaps with flight at 2023-01-01 19:47:53
BR2 violation - Overlapping flights for XY-FDA: Flight at 2024-12-06 05:47:15 removed. Overlaps with flight at 2023-01-01 11:53:02
BR2 violation - Overlapping flights for XY-FOV: Flight at 2024-12-25 04:52:21 removed. Overlaps with flight at 2023-01-01 17:21:24
BR2 violation - Overlapping flights for XY-FPW: Flight at 2024-12-22 02:58:28 removed. Overlaps with flight at 2023-01-01 08:02:53
BR2 violation - Overlapping flights for XY-FQY: Flight at 2024-12-22 15:19:26 removed. Overlaps with flight at 2023-02-20 00:43:24
BR2 violation - Overlapping flights for XY-FRB: Flight at 2024-11-22 12:11:29 removed. Overlaps with flight at 2023-01-01 01:35:50
BR2 violation - Overlapping flights for XY-FSK: Flight at 2024-12-30 19:56:59 removed. Overlaps with flight at 2023-01-01 18:06:50
BR2 violation - Overlapping flights for XY-FYH: Flight at 2024-10-16 12:15:46 removed. Overlaps with flight at 2023-01-01 05:45:38
BR2 violation - Overlapping flights for XY-FYW: Flight at 2024-12-30 23:55:16 removed. Overlaps with flight at 2023-01-01 05:25:54
BR2 violation - Overlapping flights for XY-GEA: Flight at 2024-12-30 22:04:58 removed. Overlaps with flight at 2023-01-01 06:04:07
BR2 violation - Overlapping flights for XY-GKV: Flight at 2024-11-22 02:09:44 removed. Overlaps with flight at 2023-01-01 00:51:20
BR2 violation - Overlapping flights for XY-GLL: Flight at 2024-10-20 14:53:07 removed. Overlaps with flight at 2023-01-02 07:02:14
BR2 violation - Overlapping flights for XY-GLY: Flight at 2024-12-30 22:18:10 removed. Overlaps with flight at 2023-01-01 05:47:50
BR2 violation - Overlapping flights for XY-GQC: Flight at 2024-12-30 15:59:58 removed. Overlaps with flight at 2023-01-02 03:43:25
BR2 violation - Overlapping flights for XY-GSP: Flight at 2024-10-26 02:20:44 removed. Overlaps with flight at 2023-01-01 04:40:53
BR2 violation - Overlapping flights for XY-GUR: Flight at 2024-10-22 15:09:11 removed. Overlaps with flight at 2023-01-01 04:00:23
BR2 violation - Overlapping flights for XY-GVU: Flight at 2024-12-16 19:27:12 removed. Overlaps with flight at 2023-01-01 16:37:47
BR2 violation - Overlapping flights for XY-GXJ: Flight at 2024-12-18 23:34:27 removed. Overlaps with flight at 2023-01-01 10:43:39
BR2 violation - Overlapping flights for XY-HBO: Flight at 2024-12-12 00:06:45 removed. Overlaps with flight at 2023-01-01 20:37:39
BR2 violation - Overlapping flights for XY-HDU: Flight at 2024-12-01 13:42:27 removed. Overlaps with flight at 2023-01-01 08:28:50
BR2 violation - Overlapping flights for XY-HEO: Flight at 2024-10-23 07:45:39 removed. Overlaps with flight at 2023-01-01 08:00:56
BR2 violation - Overlapping flights for XY-HFC: Flight at 2024-11-08 13:40:02 removed. Overlaps with flight at 2023-01-01 00:21:47
BR2 violation - Overlapping flights for XY-HKU: Flight at 2024-12-08 03:08:58 removed. Overlaps with flight at 2023-01-01 07:33:05
BR2 violation - Overlapping flights for XY-HMF: Flight at 2024-12-26 14:38:18 removed. Overlaps with flight at 2023-01-01 01:50:31
BR2 violation - Overlapping flights for XY-HPG: Flight at 2024-12-27 16:14:53 removed. Overlaps with flight at 2023-01-01 22:30:48
BR2 violation - Overlapping flights for XY-HPM: Flight at 2024-11-05 22:29:45 removed. Overlaps with flight at 2023-01-01 14:27:28
BR2 violation - Overlapping flights for XY-HQG: Flight at 2024-11-29 10:51:58 removed. Overlaps with flight at 2023-01-03 15:10:55
BR2 violation - Overlapping flights for XY-HTB: Flight at 2024-11-27 05:08:26 removed. Overlaps with flight at 2023-01-01 01:48:31
BR2 violation - Overlapping flights for XY-HWJ: Flight at 2024-12-30 12:41:17 removed. Overlaps with flight at 2023-01-01 23:56:26
BR2 violation - Overlapping flights for XY-HZF: Flight at 2024-12-23 14:39:05 removed. Overlaps with flight at 2023-01-01 03:14:21
BR2 violation - Overlapping flights for XY-IEM: Flight at 2024-12-29 06:42:00 removed. Overlaps with flight at 2023-01-02 10:33:41
BR2 violation - Overlapping flights for XY-IFU: Flight at 2024-12-21 18:07:55 removed. Overlaps with flight at 2023-01-01 10:45:03
BR2 violation - Overlapping flights for XY-IGB: Flight at 2024-11-11 00:23:41 removed. Overlaps with flight at 2023-01-01 01:53:55
BR2 violation - Overlapping flights for XY-IIJ: Flight at 2024-11-15 04:57:10 removed. Overlaps with flight at 2023-01-02 10:24:05
BR2 violation - Overlapping flights for XY-IKY: Flight at 2024-12-30 08:47:25 removed. Overlaps with flight at 2023-01-01 17:11:37
BR2 violation - Overlapping flights for XY-ILS: Flight at 2024-12-21 21:44:36 removed. Overlaps with flight at 2023-01-01 14:11:44
BR2 violation - Overlapping flights for XY-IOX: Flight at 2024-11-28 01:57:20 removed. Overlaps with flight at 2023-01-01 05:06:46
BR2 violation - Overlapping flights for XY-IPP: Flight at 2024-12-26 20:05:10 removed. Overlaps with flight at 2023-01-01 02:15:08
BR2 violation - Overlapping flights for XY-ITS: Flight at 2024-12-08 17:16:51 removed. Overlaps with flight at 2023-01-01 12:56:31
BR2 violation - Overlapping flights for XY-IZW: Flight at 2024-12-30 11:34:11 removed. Overlaps with flight at 2023-01-01 07:25:55
BR2 violation - Overlapping flights for XY-JBC: Flight at 2024-12-16 20:09:18 removed. Overlaps with flight at 2023-01-01 09:59:42
BR2 violation - Overlapping flights for XY-JEL: Flight at 2024-12-20 17:24:37 removed. Overlaps with flight at 2023-01-02 11:37:28
BR2 violation - Overlapping flights for XY-JEO: Flight at 2024-11-29 01:18:18 removed. Overlaps with flight at 2023-01-01 17:39:00
BR2 violation - Overlapping flights for XY-JFC: Flight at 2024-12-17 10:33:47 removed. Overlaps with flight at 2023-01-23 15:51:45
BR2 violation - Overlapping flights for XY-JGZ: Flight at 2024-12-29 23:48:57 removed. Overlaps with flight at 2023-01-01 09:06:22
BR2 violation - Overlapping flights for XY-JIM: Flight at 2024-11-05 08:21:38 removed. Overlaps with flight at 2023-01-01 00:54:18
BR2 violation - Overlapping flights for XY-JJO: Flight at 2024-09-18 09:14:41 removed. Overlaps with flight at 2023-01-02 03:00:45
BR2 violation - Overlapping flights for XY-JKC: Flight at 2024-09-25 04:18:31 removed. Overlaps with flight at 2023-01-02 00:09:15
BR2 violation - Overlapping flights for XY-JKJ: Flight at 2024-12-15 16:59:26 removed. Overlaps with flight at 2023-01-01 06:26:24
BR2 violation - Overlapping flights for XY-JNV: Flight at 2024-12-05 14:24:59 removed. Overlaps with flight at 2023-01-02 01:44:01
BR2 violation - Overlapping flights for XY-JPB: Flight at 2024-12-29 23:34:20 removed. Overlaps with flight at 2023-01-01 01:57:28
BR2 violation - Overlapping flights for XY-JPQ: Flight at 2024-11-29 14:39:35 removed. Overlaps with flight at 2023-01-01 12:31:48
BR2 violation - Overlapping flights for XY-JQW: Flight at 2024-11-18 18:07:40 removed. Overlaps with flight at 2023-01-01 03:04:45
BR2 violation - Overlapping flights for XY-JRY: Flight at 2024-12-18 11:17:36 removed. Overlaps with flight at 2023-01-01 20:10:18
BR2 violation - Overlapping flights for XY-JYS: Flight at 2024-12-05 19:23:32 removed. Overlaps with flight at 2023-01-01 12:22:21
BR2 violation - Overlapping flights for XY-JZB: Flight at 2024-11-21 06:00:46 removed. Overlaps with flight at 2023-01-01 03:40:35
BR2 violation - Overlapping flights for XY-JZG: Flight at 2024-12-02 08:58:34 removed. Overlaps with flight at 2023-01-31 09:10:10
BR2 violation - Overlapping flights for XY-KAE: Flight at 2024-12-10 17:15:16 removed. Overlaps with flight at 2023-01-01 00:31:09
BR2 violation - Overlapping flights for XY-KAS: Flight at 2024-11-02 22:43:46 removed. Overlaps with flight at 2023-01-01 05:52:50
BR2 violation - Overlapping flights for XY-KBY: Flight at 2024-11-15 05:28:13 removed. Overlaps with flight at 2023-01-01 01:45:09
BR2 violation - Overlapping flights for XY-KCH: Flight at 2024-12-30 10:46:54 removed. Overlaps with flight at 2023-01-01 05:56:29
BR2 violation - Overlapping flights for XY-KCW: Flight at 2024-12-25 21:16:12 removed. Overlaps with flight at 2023-01-01 03:01:30
BR2 violation - Overlapping flights for XY-KDV: Flight at 2024-11-28 08:22:23 removed. Overlaps with flight at 2023-01-02 10:31:20
BR2 violation - Overlapping flights for XY-KEI: Flight at 2024-12-27 07:11:43 removed. Overlaps with flight at 2023-01-01 05:09:46
BR2 violation - Overlapping flights for XY-KII: Flight at 2024-12-09 10:48:15 removed. Overlaps with flight at 2023-01-01 08:55:52
BR2 violation - Overlapping flights for XY-KOE: Flight at 2024-12-23 11:28:50 removed. Overlaps with flight at 2023-01-01 00:49:22
BR2 violation - Overlapping flights for XY-LAY: Flight at 2024-12-27 10:44:47 removed. Overlaps with flight at 2023-01-08 12:47:03
BR2 violation - Overlapping flights for XY-LBU: Flight at 2024-12-30 08:57:27 removed. Overlaps with flight at 2023-01-01 03:42:17
BR2 violation - Overlapping flights for XY-LHL: Flight at 2024-12-25 07:36:19 removed. Overlaps with flight at 2023-01-01 05:39:43
BR2 violation - Overlapping flights for XY-LHR: Flight at 2024-12-30 17:35:00 removed. Overlaps with flight at 2023-01-01 05:35:57
BR2 violation - Overlapping flights for XY-LIY: Flight at 2024-12-12 08:51:59 removed. Overlaps with flight at 2023-01-01 07:17:27
BR2 violation - Overlapping flights for XY-LJJ: Flight at 2024-11-24 23:38:04 removed. Overlaps with flight at 2023-01-01 02:17:08
BR2 violation - Overlapping flights for XY-LOP: Flight at 2024-12-02 00:08:43 removed. Overlaps with flight at 2023-01-01 02:34:08
BR2 violation - Overlapping flights for XY-LRS: Flight at 2024-11-11 01:05:57 removed. Overlaps with flight at 2023-01-01 12:52:09
BR2 violation - Overlapping flights for XY-LRU: Flight at 2024-12-08 14:53:03 removed. Overlaps with flight at 2023-01-01 18:36:42
BR2 violation - Overlapping flights for XY-LSJ: Flight at 2024-12-10 17:38:24 removed. Overlaps with flight at 2023-01-01 07:15:47
BR2 violation - Overlapping flights for XY-LSU: Flight at 2024-08-26 11:18:03 removed. Overlaps with flight at 2023-01-02 14:31:24
BR2 violation - Overlapping flights for XY-LVH: Flight at 2024-12-03 14:25:43 removed. Overlaps with flight at 2023-01-03 12:04:05
BR2 violation - Overlapping flights for XY-LWJ: Flight at 2024-12-23 05:20:13 removed. Overlaps with flight at 2023-01-01 05:57:24
BR2 violation - Overlapping flights for XY-MAW: Flight at 2024-11-24 17:21:06 removed. Overlaps with flight at 2023-01-01 19:22:31
BR2 violation - Overlapping flights for XY-MEB: Flight at 2024-12-02 15:06:33 removed. Overlaps with flight at 2023-01-01 10:24:48
BR2 violation - Overlapping flights for XY-MEO: Flight at 2024-12-30 16:35:56 removed. Overlaps with flight at 2023-01-02 08:02:31
BR2 violation - Overlapping flights for XY-MET: Flight at 2024-10-02 12:07:57 removed. Overlaps with flight at 2023-01-01 12:28:22
BR2 violation - Overlapping flights for XY-MGK: Flight at 2024-10-22 14:59:53 removed. Overlaps with flight at 2023-01-01 07:08:29
BR2 violation - Overlapping flights for XY-MIL: Flight at 2024-11-15 16:33:59 removed. Overlaps with flight at 2023-06-22 19:07:34
BR2 violation - Overlapping flights for XY-MJV: Flight at 2024-12-19 07:32:45 removed. Overlaps with flight at 2023-01-01 02:20:38
BR2 violation - Overlapping flights for XY-MOJ: Flight at 2024-12-29 22:57:55 removed. Overlaps with flight at 2023-01-01 00:12:41
BR2 violation - Overlapping flights for XY-MRY: Flight at 2024-10-23 02:15:18 removed. Overlaps with flight at 2023-01-02 00:51:28
BR2 violation - Overlapping flights for XY-MSC: Flight at 2024-12-29 00:06:59 removed. Overlaps with flight at 2023-01-02 10:49:34
BR2 violation - Overlapping flights for XY-MSN: Flight at 2024-11-02 23:51:05 removed. Overlaps with flight at 2023-01-01 18:07:21
BR2 violation - Overlapping flights for XY-MYO: Flight at 2024-09-21 00:29:12 removed. Overlaps with flight at 2023-01-01 08:13:01
BR2 violation - Overlapping flights for XY-NCE: Flight at 2024-11-25 05:39:38 removed. Overlaps with flight at 2023-01-01 03:56:45
BR2 violation - Overlapping flights for XY-NCM: Flight at 2024-10-04 04:16:36 removed. Overlaps with flight at 2023-01-01 09:33:02
BR2 violation - Overlapping flights for XY-NHS: Flight at 2024-12-24 01:12:51 removed. Overlaps with flight at 2023-01-01 03:04:24
BR2 violation - Overlapping flights for XY-NIV: Flight at 2024-12-30 15:31:45 removed. Overlaps with flight at 2023-01-01 16:57:30
BR2 violation - Overlapping flights for XY-NJC: Flight at 2024-09-28 08:35:04 removed. Overlaps with flight at 2023-01-01 06:46:07
BR2 violation - Overlapping flights for XY-NME: Flight at 2024-12-18 12:26:15 removed. Overlaps with flight at 2023-01-01 00:37:32
BR2 violation - Overlapping flights for XY-NNT: Flight at 2024-12-27 02:18:23 removed. Overlaps with flight at 2023-01-01 13:37:09
BR2 violation - Overlapping flights for XY-NQQ: Flight at 2024-10-17 23:26:43 removed. Overlaps with flight at 2023-01-10 17:05:41
BR2 violation - Overlapping flights for XY-NRN: Flight at 2024-07-19 15:33:22 removed. Overlaps with flight at 2023-01-01 03:34:43
BR2 violation - Overlapping flights for XY-NSO: Flight at 2024-11-25 01:13:09 removed. Overlaps with flight at 2023-01-01 12:26:02
BR2 violation - Overlapping flights for XY-NVQ: Flight at 2024-12-22 15:32:51 removed. Overlaps with flight at 2023-01-01 02:38:34
BR2 violation - Overlapping flights for XY-OAB: Flight at 2024-11-10 23:59:28 removed. Overlaps with flight at 2023-01-01 03:06:23
BR2 violation - Overlapping flights for XY-OAP: Flight at 2024-09-05 14:23:50 removed. Overlaps with flight at 2023-01-01 17:15:17
BR2 violation - Overlapping flights for XY-OAP: Flight at 2024-09-03 21:28:30 removed. Overlaps with flight at 2024-09-04 00:15:20
BR2 violation - Overlapping flights for XY-OHF: Flight at 2024-12-30 18:15:07 removed. Overlaps with flight at 2023-01-01 18:24:52
BR2 violation - Overlapping flights for XY-OHN: Flight at 2024-10-30 11:59:22 removed. Overlaps with flight at 2023-01-01 05:10:05
BR2 violation - Overlapping flights for XY-OJT: Flight at 2024-11-03 08:58:10 removed. Overlaps with flight at 2023-01-02 13:38:19
BR2 violation - Overlapping flights for XY-OOV: Flight at 2024-12-26 15:57:28 removed. Overlaps with flight at 2023-01-01 05:38:33
BR2 violation - Overlapping flights for XY-OPT: Flight at 2024-12-30 13:44:53 removed. Overlaps with flight at 2023-01-02 04:28:47
BR2 violation - Overlapping flights for XY-OQD: Flight at 2024-11-17 21:45:09 removed. Overlaps with flight at 2023-01-01 04:28:43
BR2 violation - Overlapping flights for XY-OTX: Flight at 2024-12-18 09:46:05 removed. Overlaps with flight at 2023-01-01 00:23:14
BR2 violation - Overlapping flights for XY-OVD: Flight at 2024-12-11 00:22:51 removed. Overlaps with flight at 2023-01-01 07:23:38
BR2 violation - Overlapping flights for XY-OWK: Flight at 2024-12-29 20:35:26 removed. Overlaps with flight at 2023-01-04 08:18:24
BR2 violation - Overlapping flights for XY-OYE: Flight at 2024-12-13 12:53:55 removed. Overlaps with flight at 2023-01-01 03:42:52
BR2 violation - Overlapping flights for XY-OYZ: Flight at 2024-12-23 00:38:54 removed. Overlaps with flight at 2023-01-01 17:23:00
BR2 violation - Overlapping flights for XY-PDW: Flight at 2024-11-28 20:37:55 removed. Overlaps with flight at 2023-01-01 04:06:23
BR2 violation - Overlapping flights for XY-PEO: Flight at 2024-12-30 21:56:23 removed. Overlaps with flight at 2023-01-01 23:25:44
BR2 violation - Overlapping flights for XY-PFD: Flight at 2024-12-04 23:27:32 removed. Overlaps with flight at 2023-01-01 06:34:10
BR2 violation - Overlapping flights for XY-PFR: Flight at 2024-12-26 09:30:26 removed. Overlaps with flight at 2023-01-01 10:24:54
BR2 violation - Overlapping flights for XY-PHI: Flight at 2024-10-23 02:20:18 removed. Overlaps with flight at 2023-01-01 18:06:15
BR2 violation - Overlapping flights for XY-PLS: Flight at 2024-12-30 23:58:53 removed. Overlaps with flight at 2023-01-02 02:25:35
BR2 violation - Overlapping flights for XY-PNH: Flight at 2024-09-12 21:47:07 removed. Overlaps with flight at 2023-01-01 02:56:21
BR2 violation - Overlapping flights for XY-PRF: Flight at 2024-11-28 08:55:04 removed. Overlaps with flight at 2023-01-02 09:29:24
BR2 violation - Overlapping flights for XY-QAH: Flight at 2024-12-23 11:53:24 removed. Overlaps with flight at 2023-01-28 09:35:05
BR2 violation - Overlapping flights for XY-QJQ: Flight at 2024-12-29 22:50:28 removed. Overlaps with flight at 2023-01-01 03:53:32
BR2 violation - Overlapping flights for XY-QKP: Flight at 2024-12-23 06:20:42 removed. Overlaps with flight at 2023-01-01 06:06:50
BR2 violation - Overlapping flights for XY-QKQ: Flight at 2024-12-29 05:57:06 removed. Overlaps with flight at 2023-01-03 14:40:25
BR2 violation - Overlapping flights for XY-QMT: Flight at 2024-12-30 23:37:25 removed. Overlaps with flight at 2023-01-01 08:12:32
BR2 violation - Overlapping flights for XY-QMW: Flight at 2024-05-29 09:46:52 removed. Overlaps with flight at 2023-01-29 16:16:11
BR2 violation - Overlapping flights for XY-QOJ: Flight at 2024-11-30 14:15:20 removed. Overlaps with flight at 2023-01-01 00:22:17
BR2 violation - Overlapping flights for XY-QPF: Flight at 2024-12-30 18:50:29 removed. Overlaps with flight at 2023-01-01 02:41:09
BR2 violation - Overlapping flights for XY-QRK: Flight at 2024-11-09 22:34:35 removed. Overlaps with flight at 2023-01-02 06:53:47
BR2 violation - Overlapping flights for XY-QTQ: Flight at 2024-12-24 07:08:53 removed. Overlaps with flight at 2023-01-01 09:52:51
BR2 violation - Overlapping flights for XY-QTU: Flight at 2024-11-21 00:21:27 removed. Overlaps with flight at 2023-01-03 00:05:36
BR2 violation - Overlapping flights for XY-QTV: Flight at 2024-12-04 21:37:04 removed. Overlaps with flight at 2023-01-01 13:00:37
BR2 violation - Overlapping flights for XY-QTX: Flight at 2024-11-25 14:05:36 removed. Overlaps with flight at 2023-01-01 13:55:40
BR2 violation - Overlapping flights for XY-QUL: Flight at 2024-11-28 17:54:10 removed. Overlaps with flight at 2023-01-01 05:22:03
BR2 violation - Overlapping flights for XY-QVY: Flight at 2024-12-14 05:54:06 removed. Overlaps with flight at 2023-01-03 09:56:51
BR2 violation - Overlapping flights for XY-RAX: Flight at 2024-11-27 11:41:53 removed. Overlaps with flight at 2023-01-01 22:18:32
BR2 violation - Overlapping flights for XY-RBA: Flight at 2024-10-01 09:08:53 removed. Overlaps with flight at 2023-01-01 03:40:30
BR2 violation - Overlapping flights for XY-RCA: Flight at 2024-12-05 00:44:47 removed. Overlaps with flight at 2023-01-02 22:42:35
BR2 violation - Overlapping flights for XY-RCQ: Flight at 2024-12-20 05:57:46 removed. Overlaps with flight at 2023-01-02 01:23:06
BR2 violation - Overlapping flights for XY-RHQ: Flight at 2024-12-30 19:30:38 removed. Overlaps with flight at 2023-01-02 03:19:54
BR2 violation - Overlapping flights for XY-RHZ: Flight at 2024-09-25 19:48:29 removed. Overlaps with flight at 2023-01-01 00:56:24
BR2 violation - Overlapping flights for XY-RJG: Flight at 2024-07-15 03:10:33 removed. Overlaps with flight at 2023-01-01 12:48:14
BR2 violation - Overlapping flights for XY-RMJ: Flight at 2024-11-18 02:23:21 removed. Overlaps with flight at 2023-01-01 05:22:40
BR2 violation - Overlapping flights for XY-RMO: Flight at 2024-12-19 02:03:45 removed. Overlaps with flight at 2023-01-01 04:17:36
BR2 violation - Overlapping flights for XY-RMP: Flight at 2024-12-27 03:26:51 removed. Overlaps with flight at 2023-01-02 17:24:31
BR2 violation - Overlapping flights for XY-RRV: Flight at 2024-08-26 17:13:08 removed. Overlaps with flight at 2023-01-01 07:01:56
BR2 violation - Overlapping flights for XY-RRV: Flight at 2023-02-02 15:27:29 removed. Overlaps with flight at 2023-02-02 16:24:25
BR2 violation - Overlapping flights for XY-RTH: Flight at 2024-12-17 18:27:06 removed. Overlaps with flight at 2023-01-01 03:21:41
BR2 violation - Overlapping flights for XY-RUX: Flight at 2024-11-17 05:16:37 removed. Overlaps with flight at 2023-01-03 00:53:45
BR2 violation - Overlapping flights for XY-RWL: Flight at 2024-11-14 15:48:08 removed. Overlaps with flight at 2023-01-01 06:37:20
BR2 violation - Overlapping flights for XY-SAQ: Flight at 2024-12-01 03:28:09 removed. Overlaps with flight at 2023-01-01 08:59:42
BR2 violation - Overlapping flights for XY-SBC: Flight at 2024-12-24 06:41:55 removed. Overlaps with flight at 2023-01-01 03:30:36
BR2 violation - Overlapping flights for XY-SBV: Flight at 2024-12-30 12:42:01 removed. Overlaps with flight at 2023-01-02 06:05:06
BR2 violation - Overlapping flights for XY-SBZ: Flight at 2024-12-11 21:56:42 removed. Overlaps with flight at 2023-01-02 20:09:19
BR2 violation - Overlapping flights for XY-SCJ: Flight at 2024-12-06 23:24:54 removed. Overlaps with flight at 2023-01-03 20:03:54
BR2 violation - Overlapping flights for XY-SDX: Flight at 2024-12-15 15:03:34 removed. Overlaps with flight at 2023-01-01 00:09:54
BR2 violation - Overlapping flights for XY-SHL: Flight at 2024-12-21 10:11:57 removed. Overlaps with flight at 2023-01-04 04:13:08
BR2 violation - Overlapping flights for XY-SLF: Flight at 2024-12-07 02:26:36 removed. Overlaps with flight at 2023-02-09 16:28:26
BR2 violation - Overlapping flights for XY-SUT: Flight at 2024-10-15 07:36:46 removed. Overlaps with flight at 2023-01-01 04:59:57
BR2 violation - Overlapping flights for XY-SYI: Flight at 2024-12-25 16:08:09 removed. Overlaps with flight at 2023-01-02 08:07:40
BR2 violation - Overlapping flights for XY-TBB: Flight at 2024-12-30 21:58:52 removed. Overlaps with flight at 2023-01-01 03:43:07
BR2 violation - Overlapping flights for XY-TJC: Flight at 2024-12-23 00:37:53 removed. Overlaps with flight at 2023-01-01 02:14:50
BR2 violation - Overlapping flights for XY-TJU: Flight at 2024-11-23 06:40:36 removed. Overlaps with flight at 2023-01-01 08:08:56
BR2 violation - Overlapping flights for XY-TKS: Flight at 2024-09-26 01:59:48 removed. Overlaps with flight at 2023-01-01 10:07:46
BR2 violation - Overlapping flights for XY-TKZ: Flight at 2024-12-01 03:52:02 removed. Overlaps with flight at 2023-01-01 15:31:46
BR2 violation - Overlapping flights for XY-TMG: Flight at 2024-12-21 19:02:16 removed. Overlaps with flight at 2023-01-01 20:03:22
BR2 violation - Overlapping flights for XY-TSG: Flight at 2024-11-24 13:39:13 removed. Overlaps with flight at 2023-01-01 00:39:56
BR2 violation - Overlapping flights for XY-TUG: Flight at 2024-12-12 01:02:37 removed. Overlaps with flight at 2023-01-01 05:54:33
BR2 violation - Overlapping flights for XY-TUS: Flight at 2024-12-30 14:06:17 removed. Overlaps with flight at 2023-01-01 09:29:41
BR2 violation - Overlapping flights for XY-TVI: Flight at 2024-12-30 13:27:07 removed. Overlaps with flight at 2023-01-01 07:18:40
BR2 violation - Overlapping flights for XY-TZF: Flight at 2024-12-16 23:07:05 removed. Overlaps with flight at 2023-01-01 11:27:33
BR2 violation - Overlapping flights for XY-TZF: Flight at 2023-06-26 21:51:26 removed. Overlaps with flight at 2023-06-27 00:44:08
BR2 violation - Overlapping flights for XY-UAT: Flight at 2024-08-30 14:07:54 removed. Overlaps with flight at 2023-01-01 02:09:23
BR2 violation - Overlapping flights for XY-UCT: Flight at 2024-12-10 01:57:25 removed. Overlaps with flight at 2023-01-01 20:13:24
BR2 violation - Overlapping flights for XY-UEG: Flight at 2024-11-16 01:29:41 removed. Overlaps with flight at 2023-01-02 07:53:57
BR2 violation - Overlapping flights for XY-UEZ: Flight at 2024-11-06 19:22:00 removed. Overlaps with flight at 2023-01-01 11:29:21
BR2 violation - Overlapping flights for XY-UGZ: Flight at 2024-12-30 17:28:42 removed. Overlaps with flight at 2023-01-01 09:12:26
BR2 violation - Overlapping flights for XY-UHG: Flight at 2024-10-12 10:14:07 removed. Overlaps with flight at 2023-01-01 09:12:45
BR2 violation - Overlapping flights for XY-UMR: Flight at 2024-12-18 18:56:56 removed. Overlaps with flight at 2023-01-01 09:33:02
BR2 violation - Overlapping flights for XY-UNI: Flight at 2024-11-06 23:11:35 removed. Overlaps with flight at 2023-02-24 18:16:53
BR2 violation - Overlapping flights for XY-UOO: Flight at 2024-09-08 23:16:45 removed. Overlaps with flight at 2023-01-02 11:48:11
BR2 violation - Overlapping flights for XY-UQL: Flight at 2024-12-08 04:47:00 removed. Overlaps with flight at 2023-01-01 23:38:59
BR2 violation - Overlapping flights for XY-URR: Flight at 2024-09-22 06:34:37 removed. Overlaps with flight at 2023-01-03 09:23:28
BR2 violation - Overlapping flights for XY-UXG: Flight at 2024-12-30 15:07:38 removed. Overlaps with flight at 2023-01-01 22:07:42
BR2 violation - Overlapping flights for XY-UYC: Flight at 2024-11-30 03:45:35 removed. Overlaps with flight at 2023-01-01 02:09:24
BR2 violation - Overlapping flights for XY-UYP: Flight at 2024-12-11 19:59:28 removed. Overlaps with flight at 2023-01-01 10:22:18
BR2 violation - Overlapping flights for XY-VBX: Flight at 2024-12-04 21:56:41 removed. Overlaps with flight at 2023-01-01 13:27:57
BR2 violation - Overlapping flights for XY-VDZ: Flight at 2024-12-20 20:52:25 removed. Overlaps with flight at 2023-01-01 06:38:11
BR2 violation - Overlapping flights for XY-VGF: Flight at 2024-11-13 14:27:17 removed. Overlaps with flight at 2023-01-03 15:08:22
BR2 violation - Overlapping flights for XY-VGS: Flight at 2024-12-06 01:21:15 removed. Overlaps with flight at 2023-01-01 01:08:36
BR2 violation - Overlapping flights for XY-VIE: Flight at 2024-11-26 20:15:42 removed. Overlaps with flight at 2023-01-01 12:38:54
BR2 violation - Overlapping flights for XY-VJP: Flight at 2024-12-24 09:57:52 removed. Overlaps with flight at 2023-01-01 03:08:28
BR2 violation - Overlapping flights for XY-VKA: Flight at 2024-11-03 06:53:44 removed. Overlaps with flight at 2023-03-24 23:37:16
BR2 violation - Overlapping flights for XY-VKJ: Flight at 2024-12-30 21:40:11 removed. Overlaps with flight at 2023-01-01 14:00:43
BR2 violation - Overlapping flights for XY-VLV: Flight at 2024-12-23 04:52:28 removed. Overlaps with flight at 2023-01-01 09:17:02
BR2 violation - Overlapping flights for XY-VSL: Flight at 2024-12-29 22:01:37 removed. Overlaps with flight at 2023-01-01 18:14:44
BR2 violation - Overlapping flights for XY-VTX: Flight at 2024-12-12 21:28:18 removed. Overlaps with flight at 2023-01-01 14:04:40
BR2 violation - Overlapping flights for XY-VUP: Flight at 2024-11-30 14:32:42 removed. Overlaps with flight at 2023-01-01 02:41:51
BR2 violation - Overlapping flights for XY-VXQ: Flight at 2024-12-10 15:22:38 removed. Overlaps with flight at 2023-01-02 02:21:16
BR2 violation - Overlapping flights for XY-VZT: Flight at 2024-12-30 21:14:23 removed. Overlaps with flight at 2023-01-01 02:00:56
BR2 violation - Overlapping flights for XY-WBQ: Flight at 2024-12-13 07:04:04 removed. Overlaps with flight at 2023-01-01 21:04:58
BR2 violation - Overlapping flights for XY-WEP: Flight at 2024-12-28 02:59:34 removed. Overlaps with flight at 2023-01-01 11:09:03
BR2 violation - Overlapping flights for XY-WHD: Flight at 2024-12-28 11:41:08 removed. Overlaps with flight at 2023-01-02 06:50:57
BR2 violation - Overlapping flights for XY-WHE: Flight at 2024-12-30 16:06:17 removed. Overlaps with flight at 2023-01-01 00:12:21
BR2 violation - Overlapping flights for XY-WID: Flight at 2024-12-24 15:33:48 removed. Overlaps with flight at 2023-01-01 01:57:12
BR2 violation - Overlapping flights for XY-WTM: Flight at 2024-12-30 01:09:35 removed. Overlaps with flight at 2023-01-01 20:01:30
BR2 violation - Overlapping flights for XY-WUR: Flight at 2024-12-24 22:28:37 removed. Overlaps with flight at 2023-01-01 03:11:36
BR2 violation - Overlapping flights for XY-WVW: Flight at 2024-12-12 19:15:42 removed. Overlaps with flight at 2023-01-01 09:52:33
BR2 violation - Overlapping flights for XY-WWG: Flight at 2024-12-16 16:58:12 removed. Overlaps with flight at 2023-01-01 01:42:59
BR2 violation - Overlapping flights for XY-WWU: Flight at 2024-12-27 22:41:45 removed. Overlaps with flight at 2023-01-02 01:39:46
BR2 violation - Overlapping flights for XY-WZA: Flight at 2024-12-11 11:00:20 removed. Overlaps with flight at 2023-01-02 00:29:15
BR2 violation - Overlapping flights for XY-WZL: Flight at 2024-12-30 05:41:15 removed. Overlaps with flight at 2023-01-10 11:40:18
BR2 violation - Overlapping flights for XY-XBQ: Flight at 2024-12-24 14:56:50 removed. Overlaps with flight at 2023-01-01 04:54:41
BR2 violation - Overlapping flights for XY-XDL: Flight at 2024-12-13 10:34:23 removed. Overlaps with flight at 2023-01-01 17:40:42
BR2 violation - Overlapping flights for XY-XFS: Flight at 2024-11-07 20:20:03 removed. Overlaps with flight at 2023-01-01 18:33:40
BR2 violation - Overlapping flights for XY-XFY: Flight at 2024-12-19 19:48:07 removed. Overlaps with flight at 2023-01-02 03:44:27
BR2 violation - Overlapping flights for XY-XJC: Flight at 2024-12-04 12:41:35 removed. Overlaps with flight at 2023-01-01 17:45:52
BR2 violation - Overlapping flights for XY-XKJ: Flight at 2024-11-30 14:07:17 removed. Overlaps with flight at 2023-01-01 05:12:07
BR2 violation - Overlapping flights for XY-XKQ: Flight at 2024-11-22 09:32:26 removed. Overlaps with flight at 2023-01-01 14:40:29
BR2 violation - Overlapping flights for XY-XOR: Flight at 2024-10-13 12:44:06 removed. Overlaps with flight at 2023-01-02 13:40:43
BR2 violation - Overlapping flights for XY-XWO: Flight at 2024-12-26 17:12:22 removed. Overlaps with flight at 2023-01-01 07:15:18
BR2 violation - Overlapping flights for XY-XWS: Flight at 2024-12-07 03:56:58 removed. Overlaps with flight at 2023-01-01 08:38:09
BR2 violation - Overlapping flights for XY-YCZ: Flight at 2024-11-20 23:46:05 removed. Overlaps with flight at 2023-01-30 15:37:22
BR2 violation - Overlapping flights for XY-YEO: Flight at 2024-09-25 09:18:39 removed. Overlaps with flight at 2023-01-01 04:39:23
BR2 violation - Overlapping flights for XY-YGO: Flight at 2024-11-25 11:11:21 removed. Overlaps with flight at 2023-01-02 00:07:02
BR2 violation - Overlapping flights for XY-YIJ: Flight at 2024-12-09 06:41:57 removed. Overlaps with flight at 2023-01-01 16:45:29
BR2 violation - Overlapping flights for XY-YKG: Flight at 2024-12-30 22:57:23 removed. Overlaps with flight at 2023-01-01 02:43:03
BR2 violation - Overlapping flights for XY-YTC: Flight at 2024-08-03 18:33:40 removed. Overlaps with flight at 2023-01-01 13:29:21
BR2 violation - Overlapping flights for XY-YTS: Flight at 2024-12-25 13:47:09 removed. Overlaps with flight at 2023-01-01 05:39:07
BR2 violation - Overlapping flights for XY-YUQ: Flight at 2024-12-05 17:58:28 removed. Overlaps with flight at 2023-01-01 04:30:33
BR2 violation - Overlapping flights for XY-ZGG: Flight at 2024-12-30 06:18:11 removed. Overlaps with flight at 2023-01-01 22:17:42
BR2 violation - Overlapping flights for XY-ZHY: Flight at 2024-12-21 17:35:33 removed. Overlaps with flight at 2023-01-02 01:45:24
BR2 violation - Overlapping flights for XY-ZHY: Flight at 2024-12-22 08:04:33 removed. Overlaps with flight at 2024-12-22 12:59:10
BR2 violation - Overlapping flights for XY-ZLE: Flight at 2024-12-30 02:46:01 removed. Overlaps with flight at 2023-01-01 05:57:19
BR2 violation - Overlapping flights for XY-ZOW: Flight at 2024-11-30 22:13:17 removed. Overlaps with flight at 2023-01-01 04:47:57
BR2 violation - Overlapping flights for XY-ZSQ: Flight at 2024-11-09 09:58:28 removed. Overlaps with flight at 2023-01-01 02:42:38
BR2 violation - Overlapping flights for XY-ZVO: Flight at 2024-11-22 01:59:51 removed. Overlaps with flight at 2023-01-03 02:49:32
BR2 violation - Overlapping flights for XY-ZZC: Flight at 2024-11-08 16:28:50 removed. Overlaps with flight at 2023-01-01 12:46:55
